[debug] [2023-12-06T07:21:54.072Z] ----------------------------------------------------------------------
[debug] [2023-12-06T07:21:54.075Z] Command:       C:\Program Files\nodejs\node.exe C:\Users\Nankie\AppData\Roaming\npm\node_modules\firebase-tools\lib\bin\firebase.js deploy --only hosting
[debug] [2023-12-06T07:21:54.075Z] CLI Version:   11.23.1
[debug] [2023-12-06T07:21:54.076Z] Platform:      win32
[debug] [2023-12-06T07:21:54.076Z] Node Version:  v19.6.0
[debug] [2023-12-06T07:21:54.076Z] Time:          Wed Dec 06 2023 09:21:54 GMT+0200 (Central Africa Time)
[debug] [2023-12-06T07:21:54.076Z] ----------------------------------------------------------------------
[debug] 
[debug] [2023-12-06T07:21:54.080Z] >>> [apiv2][query] GET https://firebase-public.firebaseio.com/cli.json [none]
[debug] [2023-12-06T07:21:54.193Z] > command requires scopes: ["email","openid","https://www.googleapis.com/auth/cloudplatformprojects.readonly","https://www.googleapis.com/auth/firebase","https://www.googleapis.com/auth/cloud-platform"]
[debug] [2023-12-06T07:21:54.193Z] > authorizing via signed-in user (dinahmasule@gmail.com)
[debug] [2023-12-06T07:21:54.193Z] [iam] checking project vanwylbcms for permissions ["firebase.projects.get","firebasehosting.sites.update"]
[debug] [2023-12-06T07:21:54.194Z] > refreshing access token with scopes: []
[debug] [2023-12-06T07:21:54.195Z] >>> [apiv2][query] POST https://www.googleapis.com/oauth2/v3/token [none]
[debug] [2023-12-06T07:21:54.196Z] >>> [apiv2][body] POST https://www.googleapis.com/oauth2/v3/token [omitted]
[debug] [2023-12-06T07:21:54.694Z] <<< [apiv2][status] POST https://www.googleapis.com/oauth2/v3/token 400
[debug] [2023-12-06T07:21:54.695Z] <<< [apiv2][body] POST https://www.googleapis.com/oauth2/v3/token [omitted]
[debug] [2023-12-06T07:21:54.696Z] >>> [apiv2][query] POST https://cloudresourcemanager.googleapis.com/v1/projects/vanwylbcms:testIamPermissions [none]
[debug] [2023-12-06T07:21:54.696Z] >>> [apiv2][(partial)header] POST https://cloudresourcemanager.googleapis.com/v1/projects/vanwylbcms:testIamPermissions x-goog-quota-user=projects/vanwylbcms
[debug] [2023-12-06T07:21:54.696Z] >>> [apiv2][body] POST https://cloudresourcemanager.googleapis.com/v1/projects/vanwylbcms:testIamPermissions {"permissions":["firebase.projects.get","firebasehosting.sites.update"]}
[debug] [2023-12-06T07:21:54.983Z] <<< [apiv2][status] GET https://firebase-public.firebaseio.com/cli.json 200
[debug] [2023-12-06T07:21:54.984Z] <<< [apiv2][body] GET https://firebase-public.firebaseio.com/cli.json {"cloudBuildErrorAfter":1594252800000,"cloudBuildWarnAfter":1590019200000,"defaultNode10After":1594252800000,"minVersion":"3.0.5","node8DeploysDisabledAfter":1613390400000,"node8RuntimeDisabledAfter":1615809600000,"node8WarnAfter":1600128000000}
[debug] [2023-12-06T07:21:56.667Z] <<< [apiv2][status] POST https://cloudresourcemanager.googleapis.com/v1/projects/vanwylbcms:testIamPermissions 401
[debug] [2023-12-06T07:21:56.668Z] <<< [apiv2][body] POST https://cloudresourcemanager.googleapis.com/v1/projects/vanwylbcms:testIamPermissions {"error":{"code":401,"message":"Request had invalid authentication credentials. Expected OAuth 2 access token, login cookie or other valid authentication credential. See https://developers.google.com/identity/sign-in/web/devconsole-project.","status":"UNAUTHENTICATED","details":[{"@type":"type.googleapis.com/google.rpc.ErrorInfo","reason":"ACCESS_TOKEN_TYPE_UNSUPPORTED","metadata":{"method":"google.cloudresourcemanager.v1.Projects.TestIamPermissions","service":"cloudresourcemanager.googleapis.com"}}]}}
[debug] [2023-12-06T07:21:56.670Z] [iam] error while checking permissions, command may fail: FirebaseError: HTTP Error: 401, Request had invalid authentication credentials. Expected OAuth 2 access token, login cookie or other valid authentication credential. See https://developers.google.com/identity/sign-in/web/devconsole-project.
[debug] [2023-12-06T07:21:56.672Z] > refreshing access token with scopes: []
[debug] [2023-12-06T07:21:56.673Z] >>> [apiv2][query] POST https://www.googleapis.com/oauth2/v3/token [none]
[debug] [2023-12-06T07:21:56.674Z] >>> [apiv2][body] POST https://www.googleapis.com/oauth2/v3/token [omitted]
[debug] [2023-12-06T07:21:56.968Z] <<< [apiv2][status] POST https://www.googleapis.com/oauth2/v3/token 400
[debug] [2023-12-06T07:21:56.968Z] <<< [apiv2][body] POST https://www.googleapis.com/oauth2/v3/token [omitted]
[debug] [2023-12-06T07:21:56.970Z] >>> [apiv2][query] GET https://firebase.googleapis.com/v1beta1/projects/vanwylbcms [none]
[debug] [2023-12-06T07:21:57.702Z] <<< [apiv2][status] GET https://firebase.googleapis.com/v1beta1/projects/vanwylbcms 401
[debug] [2023-12-06T07:21:57.703Z] <<< [apiv2][body] GET https://firebase.googleapis.com/v1beta1/projects/vanwylbcms {"error":{"code":401,"message":"Request had invalid authentication credentials. Expected OAuth 2 access token, login cookie or other valid authentication credential. See https://developers.google.com/identity/sign-in/web/devconsole-project.","status":"UNAUTHENTICATED"}}
[debug] [2023-12-06T07:21:57.704Z] HTTP Error: 401, Request had invalid authentication credentials. Expected OAuth 2 access token, login cookie or other valid authentication credential. See https://developers.google.com/identity/sign-in/web/devconsole-project.
[debug] [2023-12-06T07:21:58.476Z] FirebaseError: HTTP Error: 401, Request had invalid authentication credentials. Expected OAuth 2 access token, login cookie or other valid authentication credential. See https://developers.google.com/identity/sign-in/web/devconsole-project.
    at responseToError (C:\Users\Nankie\AppData\Roaming\npm\node_modules\firebase-tools\lib\responseToError.js:49:12)
    at RetryOperation._fn (C:\Users\Nankie\AppData\Roaming\npm\node_modules\firebase-tools\lib\apiv2.js:288:77)
    at process.processTicksAndRejections (node:internal/process/task_queues:95:5)
[error] 
[error] Error: Failed to get Firebase project vanwylbcms. Please make sure the project exists and your account has permission to access it.
